<?xml version="1.0" encoding="UTF-8"?>
<!-- Generated by org.testng.reporters.JUnitReportReporter -->
<testsuite skipped="0" hostname="DESKTOP-UTHNJ9C" name="com.defaulttestng.testnf" tests="1" failures="0" timestamp="02 Jul 2017 15:52:50 GMT" time="0.012" errors="0">
  <testcase name="test" time="0.012" classname="com.defaulttestng.testnf"/>
</testsuite> <!-- com.defaulttestng.testnf -->
