<?xml version="1.0" encoding="UTF-8"?>
<!-- Generated by org.testng.reporters.JUnitReportReporter -->
<testsuite skipped="1" hostname="DESKTOP-UTHNJ9C" name="com.script.FindNoOfProducts" tests="2" failures="0" timestamp="15 Jul 2017 05:29:20 GMT" time="37.290" errors="0">
  <testcase name="getBagCount" time="37.290" classname="com.script.FindNoOfProducts"/>
  <testcase name="getNoOfProducts" classname="com.script.FindNoOfProducts">
    <skipped/>
  </testcase> <!-- getNoOfProducts -->
</testsuite> <!-- com.script.FindNoOfProducts -->
