<?xml version="1.0" encoding="UTF-8"?>
<!-- Generated by org.testng.reporters.JUnitReportReporter -->
<testsuite skipped="0" hostname="DESKTOP-UTHNJ9C" name="TestNGDemo" tests="1" failures="0" timestamp="02 Jul 2017 15:44:17 GMT" time="0.017" errors="0">
  <testcase name="f" time="0.017" classname="TestNGDemo"/>
</testsuite> <!-- TestNGDemo -->
